<?xml version="1.0" encoding="UTF-8"?>
<testng-results ignored="0" total="1" passed="1" failed="0" skipped="0">
  <reporter-output>
  </reporter-output>
  <suite started-at="2024-08-16T14:54:32 CST" name="Default suite" finished-at="2024-08-16T14:55:34 CST" duration-ms="61965">
    <groups>
      <group name="signed-in">
        <method signature="TCAFS02_SignedIn_AddPhoneToCartAndCheckoutWithDifferentQuantities.TCAFS02_SignedIn_AddPhoneToCartAndCheckoutWithDifferentQuantities()[pri:0, instance:apex.scripts.TCAFS02_SignedIn_AddPhoneToCartAndCheckoutWithDifferentQuantities@6475472c]" name="TCAFS02_SignedIn_AddPhoneToCartAndCheckoutWithDifferentQuantities" class="apex.scripts.TCAFS02_SignedIn_AddPhoneToCartAndCheckoutWithDifferentQuantities"/>
      </group> <!-- signed-in -->
    </groups>
    <test started-at="2024-08-16T14:54:32 CST" name="Default test" finished-at="2024-08-16T14:55:34 CST" duration-ms="61965">
      <class name="apex.scripts.TCAFS02_SignedIn_AddPhoneToCartAndCheckoutWithDifferentQuantities">
        <test-method is-config="true" signature="setUpTestData()[pri:0, instance:apex.scripts.TCAFS02_SignedIn_AddPhoneToCartAndCheckoutWithDifferentQuantities@6475472c]" started-at="2024-08-16T14:54:32 CST" name="setUpTestData" finished-at="2024-08-16T14:54:32 CST" duration-ms="9" status="PASS">
          <reporter-output>
          </reporter-output>
        </test-method> <!-- setUpTestData -->
        <test-method is-config="true" signature="launchBrowser(java.lang.String)[pri:0, instance:apex.scripts.TCAFS02_SignedIn_AddPhoneToCartAndCheckoutWithDifferentQuantities@6475472c]" started-at="2024-08-16T14:54:32 CST" name="launchBrowser" finished-at="2024-08-16T14:55:25 CST" duration-ms="53470" status="PASS">
          <params>
            <param index="0">
              <value>
                <![CDATA[chrome]]>
              </value>
            </param>
          </params>
          <reporter-output>
          </reporter-output>
        </test-method> <!-- launchBrowser -->
        <test-method signature="TCAFS02_SignedIn_AddPhoneToCartAndCheckoutWithDifferentQuantities()[pri:0, instance:apex.scripts.TCAFS02_SignedIn_AddPhoneToCartAndCheckoutWithDifferentQuantities@6475472c]" started-at="2024-08-16T14:55:25 CST" name="TCAFS02_SignedIn_AddPhoneToCartAndCheckoutWithDifferentQuantities" finished-at="2024-08-16T14:55:34 CST" duration-ms="8275" status="PASS">
          <reporter-output>
          </reporter-output>
        </test-method> <!-- TCAFS02_SignedIn_AddPhoneToCartAndCheckoutWithDifferentQuantities -->
        <test-method is-config="true" signature="closeBrowser()[pri:0, instance:apex.scripts.TCAFS02_SignedIn_AddPhoneToCartAndCheckoutWithDifferentQuantities@6475472c]" started-at="2024-08-16T14:55:34 CST" name="closeBrowser" finished-at="2024-08-16T14:55:34 CST" duration-ms="187" status="PASS">
          <reporter-output>
          </reporter-output>
        </test-method> <!-- closeBrowser -->
      </class> <!-- apex.scripts.TCAFS02_SignedIn_AddPhoneToCartAndCheckoutWithDifferentQuantities -->
    </test> <!-- Default test -->
  </suite> <!-- Default suite -->
</testng-results>
