<?xml version="1.0" encoding="UTF-8"?>
<testng-results ignored="0" total="4" passed="3" failed="1" skipped="0">
  <reporter-output>
  </reporter-output>
  <suite started-at="2024-08-16T22:30:10 CST" name="Test Suite" finished-at="2024-08-16T22:32:36 CST" duration-ms="146517">
    <groups>
      <group name="signed-in">
        <method signature="TCAFS02_SignedIn_AddPhoneToCartAndCheckoutWithDifferentQuantities.TCAFS02_SignedIn_AddPhoneToCartAndCheckoutWithDifferentQuantities()[pri:0, instance:apex.scripts.TCAFS02_SignedIn_AddPhoneToCartAndCheckoutWithDifferentQuantities@655f7ea]" name="TCAFS02_SignedIn_AddPhoneToCartAndCheckoutWithDifferentQuantities" class="apex.scripts.TCAFS02_SignedIn_AddPhoneToCartAndCheckoutWithDifferentQuantities"/>
        <method signature="TCAFS03_SignedIn_ViewOrderHistory.TCAFS03_SignedIn_ViewOrderHistory()[pri:0, instance:apex.scripts.TCAFS03_SignedIn_ViewOrderHistory@6da00fb9]" name="TCAFS03_SignedIn_ViewOrderHistory" class="apex.scripts.TCAFS03_SignedIn_ViewOrderHistory"/>
        <method signature="TCAFS04_SignedIn_AddPhoneToFavoritesAndViewFavorites.TCAFS04_SignedIn_ViewOrderHistory()[pri:0, instance:apex.scripts.TCAFS04_SignedIn_AddPhoneToFavoritesAndViewFavorites@5d2a4eed]" name="TCAFS04_SignedIn_ViewOrderHistory" class="apex.scripts.TCAFS04_SignedIn_AddPhoneToFavoritesAndViewFavorites"/>
      </group> <!-- signed-in -->
      <group name="non-signedin">
        <method signature="TCAFS01_NonSignedIn_AddPhoneToCartAndCheckout.TCAFS01_NonSignedIn_AddPhoneToCartAndCheckout()[pri:0, instance:apex.scripts.TCAFS01_NonSignedIn_AddPhoneToCartAndCheckout@4bd1f8dd]" name="TCAFS01_NonSignedIn_AddPhoneToCartAndCheckout" class="apex.scripts.TCAFS01_NonSignedIn_AddPhoneToCartAndCheckout"/>
      </group> <!-- non-signedin -->
    </groups>
    <test started-at="2024-08-16T22:30:10 CST" name="Test Case 1" finished-at="2024-08-16T22:31:13 CST" duration-ms="63342">
      <class name="apex.scripts.TCAFS01_NonSignedIn_AddPhoneToCartAndCheckout">
        <test-method is-config="true" signature="setUpTestData()[pri:0, instance:apex.scripts.TCAFS01_NonSignedIn_AddPhoneToCartAndCheckout@4bd1f8dd]" started-at="2024-08-16T22:30:10 CST" name="setUpTestData" finished-at="2024-08-16T22:30:10 CST" duration-ms="9" status="PASS">
          <reporter-output>
          </reporter-output>
        </test-method> <!-- setUpTestData -->
        <test-method is-config="true" signature="launchBrowser(java.lang.String)[pri:0, instance:apex.scripts.TCAFS01_NonSignedIn_AddPhoneToCartAndCheckout@4bd1f8dd]" started-at="2024-08-16T22:30:10 CST" name="launchBrowser" finished-at="2024-08-16T22:30:54 CST" duration-ms="44194" status="PASS">
          <params>
            <param index="0">
              <value>
                <![CDATA[chrome]]>
              </value>
            </param>
          </params>
          <reporter-output>
          </reporter-output>
        </test-method> <!-- launchBrowser -->
        <test-method signature="TCAFS01_NonSignedIn_AddPhoneToCartAndCheckout()[pri:0, instance:apex.scripts.TCAFS01_NonSignedIn_AddPhoneToCartAndCheckout@4bd1f8dd]" started-at="2024-08-16T22:30:54 CST" name="TCAFS01_NonSignedIn_AddPhoneToCartAndCheckout" finished-at="2024-08-16T22:31:13 CST" duration-ms="18944" status="FAIL">
          <exception class="org.openqa.selenium.NoSuchElementException">
            <message>
              <![CDATA[no such element: Unable to locate element: {"method":"xpath","selector":"//*[@id='checkout-app']//div[@class='layout-main']"}
  (Session info: chrome=127.0.6533.120)
For documentation on this error, please visit: https://www.selenium.dev/documentation/webdriver/troubleshooting/errors#no-such-element-exception
Build info: version: '4.23.0', revision: '4df0a231af'
System info: os.name: 'Windows 10', os.arch: 'amd64', os.version: '10.0', java.version: '11.0.20'
Driver info: org.openqa.selenium.chrome.ChromeDriver
Command: [545525354838dfcaabce5b656468969c, findElement {value=//*[@id='checkout-app']//div[@class='layout-main'], using=xpath}]
Capabilities {acceptInsecureCerts: false, browserName: chrome, browserVersion: 127.0.6533.120, chrome: {chromedriverVersion: 127.0.6533.119 (bdef6783a05..., userDataDir: C:\Users\Seph\AppData\Local...}, fedcm:accounts: true, goog:chromeOptions: {debuggerAddress: localhost:55189}, networkConnectionEnabled: false, pageLoadStrategy: normal, platformName: windows, proxy: Proxy(), se:cdp: ws://localhost:55189/devtoo..., se:cdpVersion: 127.0.6533.120, setWindowRect: true, strictFileInteractability: false, timeouts: {implicit: 0, pageLoad: 300000, script: 30000}, unhandledPromptBehavior: dismiss and notify, webauthn:extension:credBlob: true, webauthn:extension:largeBlob: true, webauthn:extension:minPinLength: true, webauthn:extension:prf: true, webauthn:virtualAuthenticators: true}
Session ID: 545525354838dfcaabce5b656468969c]]>
            </message>
            <full-stacktrace>
              <![CDATA[org.openqa.selenium.NoSuchElementException: no such element: Unable to locate element: {"method":"xpath","selector":"//*[@id='checkout-app']//div[@class='layout-main']"}
  (Session info: chrome=127.0.6533.120)
For documentation on this error, please visit: https://www.selenium.dev/documentation/webdriver/troubleshooting/errors#no-such-element-exception
Build info: version: '4.23.0', revision: '4df0a231af'
System info: os.name: 'Windows 10', os.arch: 'amd64', os.version: '10.0', java.version: '11.0.20'
Driver info: org.openqa.selenium.chrome.ChromeDriver
Command: [545525354838dfcaabce5b656468969c, findElement {value=//*[@id='checkout-app']//div[@class='layout-main'], using=xpath}]
Capabilities {acceptInsecureCerts: false, browserName: chrome, browserVersion: 127.0.6533.120, chrome: {chromedriverVersion: 127.0.6533.119 (bdef6783a05..., userDataDir: C:\Users\Seph\AppData\Local...}, fedcm:accounts: true, goog:chromeOptions: {debuggerAddress: localhost:55189}, networkConnectionEnabled: false, pageLoadStrategy: normal, platformName: windows, proxy: Proxy(), se:cdp: ws://localhost:55189/devtoo..., se:cdpVersion: 127.0.6533.120, setWindowRect: true, strictFileInteractability: false, timeouts: {implicit: 0, pageLoad: 300000, script: 30000}, unhandledPromptBehavior: dismiss and notify, webauthn:extension:credBlob: true, webauthn:extension:largeBlob: true, webauthn:extension:minPinLength: true, webauthn:extension:prf: true, webauthn:virtualAuthenticators: true}
Session ID: 545525354838dfcaabce5b656468969c
at java.base/jdk.internal.reflect.NativeConstructorAccessorImpl.newInstance0(Native Method)
at java.base/jdk.internal.reflect.NativeConstructorAccessorImpl.newInstance(NativeConstructorAccessorImpl.java:62)
at java.base/jdk.internal.reflect.DelegatingConstructorAccessorImpl.newInstance(DelegatingConstructorAccessorImpl.java:45)
at java.base/java.lang.reflect.Constructor.newInstance(Constructor.java:490)
at org.openqa.selenium.remote.ErrorCodec.decode(ErrorCodec.java:167)
at org.openqa.selenium.remote.codec.w3c.W3CHttpResponseCodec.decode(W3CHttpResponseCodec.java:138)
at org.openqa.selenium.remote.codec.w3c.W3CHttpResponseCodec.decode(W3CHttpResponseCodec.java:50)
at org.openqa.selenium.remote.HttpCommandExecutor.execute(HttpCommandExecutor.java:190)
at org.openqa.selenium.remote.service.DriverCommandExecutor.invokeExecute(DriverCommandExecutor.java:216)
at org.openqa.selenium.remote.service.DriverCommandExecutor.execute(DriverCommandExecutor.java:174)
at org.openqa.selenium.remote.RemoteWebDriver.execute(RemoteWebDriver.java:527)
at org.openqa.selenium.remote.ElementLocation$ElementFinder$2.findElement(ElementLocation.java:165)
at org.openqa.selenium.remote.ElementLocation.findElement(ElementLocation.java:59)
at org.openqa.selenium.remote.RemoteWebDriver.findElement(RemoteWebDriver.java:357)
at org.openqa.selenium.remote.RemoteWebDriver.findElement(RemoteWebDriver.java:351)
at org.openqa.selenium.support.pagefactory.DefaultElementLocator.findElement(DefaultElementLocator.java:68)
at org.openqa.selenium.support.pagefactory.internal.LocatingElementHandler.invoke(LocatingElementHandler.java:38)
at com.sun.proxy.$Proxy19.isDisplayed(Unknown Source)
at apex.functions.OrderManagement.proceedToCheckout(OrderManagement.java:80)
at apex.scripts.TCAFS01_NonSignedIn_AddPhoneToCartAndCheckout.TCAFS01_NonSignedIn_AddPhoneToCartAndCheckout(TCAFS01_NonSignedIn_AddPhoneToCartAndCheckout.java:45)
at java.base/jdk.internal.reflect.NativeMethodAccessorImpl.invoke0(Native Method)
at java.base/jdk.internal.reflect.NativeMethodAccessorImpl.invoke(NativeMethodAccessorImpl.java:62)
at java.base/jdk.internal.reflect.DelegatingMethodAccessorImpl.invoke(DelegatingMethodAccessorImpl.java:43)
at java.base/java.lang.reflect.Method.invoke(Method.java:566)
at org.testng.internal.MethodInvocationHelper.invokeMethod(MethodInvocationHelper.java:133)
at org.testng.internal.TestInvoker.invokeMethod(TestInvoker.java:598)
at org.testng.internal.TestInvoker.invokeTestMethod(TestInvoker.java:173)
at org.testng.internal.MethodRunner.runInSequence(MethodRunner.java:46)
at org.testng.internal.TestInvoker$MethodInvocationAgent.invoke(TestInvoker.java:824)
at org.testng.internal.TestInvoker.invokeTestMethods(TestInvoker.java:146)
at org.testng.internal.TestMethodWorker.invokeTestMethods(TestMethodWorker.java:146)
at org.testng.internal.TestMethodWorker.run(TestMethodWorker.java:128)
at java.base/java.util.ArrayList.forEach(ArrayList.java:1541)
at org.testng.TestRunner.privateRun(TestRunner.java:794)
at org.testng.TestRunner.run(TestRunner.java:596)
at org.testng.SuiteRunner.runTest(SuiteRunner.java:377)
at org.testng.SuiteRunner.access$000(SuiteRunner.java:28)
at org.testng.SuiteRunner$SuiteWorker.run(SuiteRunner.java:418)
at org.testng.internal.thread.ThreadUtil.lambda$execute$0(ThreadUtil.java:64)
at java.base/java.util.concurrent.FutureTask.run(FutureTask.java:264)
at java.base/java.util.concurrent.ThreadPoolExecutor.runWorker(ThreadPoolExecutor.java:1128)
at java.base/java.util.concurrent.ThreadPoolExecutor$Worker.run(ThreadPoolExecutor.java:628)
at java.base/java.lang.Thread.run(Thread.java:834)
]]>
            </full-stacktrace>
          </exception> <!-- org.openqa.selenium.NoSuchElementException -->
          <reporter-output>
          </reporter-output>
        </test-method> <!-- TCAFS01_NonSignedIn_AddPhoneToCartAndCheckout -->
        <test-method is-config="true" signature="closeBrowser()[pri:0, instance:apex.scripts.TCAFS01_NonSignedIn_AddPhoneToCartAndCheckout@4bd1f8dd]" started-at="2024-08-16T22:31:13 CST" name="closeBrowser" finished-at="2024-08-16T22:31:13 CST" duration-ms="164" status="PASS">
          <reporter-output>
          </reporter-output>
        </test-method> <!-- closeBrowser -->
      </class> <!-- apex.scripts.TCAFS01_NonSignedIn_AddPhoneToCartAndCheckout -->
    </test> <!-- Test Case 1 -->
    <test started-at="2024-08-16T22:31:13 CST" name="Test Case 2" finished-at="2024-08-16T22:31:45 CST" duration-ms="31716">
      <class name="apex.scripts.TCAFS02_SignedIn_AddPhoneToCartAndCheckoutWithDifferentQuantities">
        <test-method is-config="true" signature="setUpTestData()[pri:0, instance:apex.scripts.TCAFS02_SignedIn_AddPhoneToCartAndCheckoutWithDifferentQuantities@655f7ea]" started-at="2024-08-16T22:31:13 CST" name="setUpTestData" finished-at="2024-08-16T22:31:13 CST" duration-ms="4" status="PASS">
          <reporter-output>
          </reporter-output>
        </test-method> <!-- setUpTestData -->
        <test-method is-config="true" signature="launchBrowser(java.lang.String)[pri:0, instance:apex.scripts.TCAFS02_SignedIn_AddPhoneToCartAndCheckoutWithDifferentQuantities@655f7ea]" started-at="2024-08-16T22:31:13 CST" name="launchBrowser" finished-at="2024-08-16T22:31:37 CST" duration-ms="23400" status="PASS">
          <params>
            <param index="0">
              <value>
                <![CDATA[chrome]]>
              </value>
            </param>
          </params>
          <reporter-output>
          </reporter-output>
        </test-method> <!-- launchBrowser -->
        <test-method signature="TCAFS02_SignedIn_AddPhoneToCartAndCheckoutWithDifferentQuantities()[pri:0, instance:apex.scripts.TCAFS02_SignedIn_AddPhoneToCartAndCheckoutWithDifferentQuantities@655f7ea]" started-at="2024-08-16T22:31:37 CST" name="TCAFS02_SignedIn_AddPhoneToCartAndCheckoutWithDifferentQuantities" finished-at="2024-08-16T22:31:45 CST" duration-ms="8168" status="PASS">
          <reporter-output>
          </reporter-output>
        </test-method> <!-- TCAFS02_SignedIn_AddPhoneToCartAndCheckoutWithDifferentQuantities -->
        <test-method is-config="true" signature="closeBrowser()[pri:0, instance:apex.scripts.TCAFS02_SignedIn_AddPhoneToCartAndCheckoutWithDifferentQuantities@655f7ea]" started-at="2024-08-16T22:31:45 CST" name="closeBrowser" finished-at="2024-08-16T22:31:45 CST" duration-ms="142" status="PASS">
          <reporter-output>
          </reporter-output>
        </test-method> <!-- closeBrowser -->
      </class> <!-- apex.scripts.TCAFS02_SignedIn_AddPhoneToCartAndCheckoutWithDifferentQuantities -->
    </test> <!-- Test Case 2 -->
    <test started-at="2024-08-16T22:31:45 CST" name="Test Case 3" finished-at="2024-08-16T22:32:13 CST" duration-ms="28063">
      <class name="apex.scripts.TCAFS03_SignedIn_ViewOrderHistory">
        <test-method is-config="true" signature="setUpTestData()[pri:0, instance:apex.scripts.TCAFS03_SignedIn_ViewOrderHistory@6da00fb9]" started-at="2024-08-16T22:31:45 CST" name="setUpTestData" finished-at="2024-08-16T22:31:45 CST" duration-ms="1" status="PASS">
          <reporter-output>
          </reporter-output>
        </test-method> <!-- setUpTestData -->
        <test-method is-config="true" signature="launchBrowser(java.lang.String)[pri:0, instance:apex.scripts.TCAFS03_SignedIn_ViewOrderHistory@6da00fb9]" started-at="2024-08-16T22:31:45 CST" name="launchBrowser" finished-at="2024-08-16T22:32:03 CST" duration-ms="18095" status="PASS">
          <params>
            <param index="0">
              <value>
                <![CDATA[chrome]]>
              </value>
            </param>
          </params>
          <reporter-output>
          </reporter-output>
        </test-method> <!-- launchBrowser -->
        <test-method signature="TCAFS03_SignedIn_ViewOrderHistory()[pri:0, instance:apex.scripts.TCAFS03_SignedIn_ViewOrderHistory@6da00fb9]" started-at="2024-08-16T22:32:03 CST" name="TCAFS03_SignedIn_ViewOrderHistory" finished-at="2024-08-16T22:32:13 CST" duration-ms="9813" status="PASS">
          <reporter-output>
          </reporter-output>
        </test-method> <!-- TCAFS03_SignedIn_ViewOrderHistory -->
        <test-method is-config="true" signature="closeBrowser()[pri:0, instance:apex.scripts.TCAFS03_SignedIn_ViewOrderHistory@6da00fb9]" started-at="2024-08-16T22:32:13 CST" name="closeBrowser" finished-at="2024-08-16T22:32:13 CST" duration-ms="151" status="PASS">
          <reporter-output>
          </reporter-output>
        </test-method> <!-- closeBrowser -->
      </class> <!-- apex.scripts.TCAFS03_SignedIn_ViewOrderHistory -->
    </test> <!-- Test Case 3 -->
    <test started-at="2024-08-16T22:32:13 CST" name="Test Case 4" finished-at="2024-08-16T22:32:36 CST" duration-ms="23350">
      <class name="apex.scripts.TCAFS04_SignedIn_AddPhoneToFavoritesAndViewFavorites">
        <test-method is-config="true" signature="setUpTestData()[pri:0, instance:apex.scripts.TCAFS04_SignedIn_AddPhoneToFavoritesAndViewFavorites@5d2a4eed]" started-at="2024-08-16T22:32:13 CST" name="setUpTestData" finished-at="2024-08-16T22:32:13 CST" duration-ms="1" status="PASS">
          <reporter-output>
          </reporter-output>
        </test-method> <!-- setUpTestData -->
        <test-method is-config="true" signature="launchBrowser(java.lang.String)[pri:0, instance:apex.scripts.TCAFS04_SignedIn_AddPhoneToFavoritesAndViewFavorites@5d2a4eed]" started-at="2024-08-16T22:32:13 CST" name="launchBrowser" finished-at="2024-08-16T22:32:31 CST" duration-ms="18429" status="PASS">
          <params>
            <param index="0">
              <value>
                <![CDATA[chrome]]>
              </value>
            </param>
          </params>
          <reporter-output>
          </reporter-output>
        </test-method> <!-- launchBrowser -->
        <test-method signature="TCAFS04_SignedIn_ViewOrderHistory()[pri:0, instance:apex.scripts.TCAFS04_SignedIn_AddPhoneToFavoritesAndViewFavorites@5d2a4eed]" started-at="2024-08-16T22:32:31 CST" name="TCAFS04_SignedIn_ViewOrderHistory" finished-at="2024-08-16T22:32:36 CST" duration-ms="4732" status="PASS">
          <reporter-output>
          </reporter-output>
        </test-method> <!-- TCAFS04_SignedIn_ViewOrderHistory -->
        <test-method is-config="true" signature="closeBrowser()[pri:0, instance:apex.scripts.TCAFS04_SignedIn_AddPhoneToFavoritesAndViewFavorites@5d2a4eed]" started-at="2024-08-16T22:32:36 CST" name="closeBrowser" finished-at="2024-08-16T22:32:36 CST" duration-ms="185" status="PASS">
          <reporter-output>
          </reporter-output>
        </test-method> <!-- closeBrowser -->
      </class> <!-- apex.scripts.TCAFS04_SignedIn_AddPhoneToFavoritesAndViewFavorites -->
    </test> <!-- Test Case 4 -->
  </suite> <!-- Test Suite -->
</testng-results>
